0 info it worked if it ends with ok
1 verbose cli [ '/Users/mac/.nvm/versions/node/v6.1.0/bin/node',
1 verbose cli   '/Users/mac/.nvm/versions/node/v6.1.0/bin/npm',
1 verbose cli   'run',
1 verbose cli   'dev' ]
2 info using npm@3.8.6
3 info using node@v6.1.0
4 verbose run-script [ 'predev', 'dev', 'postdev' ]
5 info lifecycle hello-webpack@1.0.0~predev: hello-webpack@1.0.0
6 silly lifecycle hello-webpack@1.0.0~predev: no script for predev, continuing
7 info lifecycle hello-webpack@1.0.0~dev: hello-webpack@1.0.0
8 verbose lifecycle hello-webpack@1.0.0~dev: unsafe-perm in lifecycle true
9 verbose lifecycle hello-webpack@1.0.0~dev: PATH: /Users/mac/.nvm/versions/node/v6.1.0/lib/node_modules/npm/bin/node-gyp-bin:/Users/mac/Desktop/hello-webpack/node_modules/.bin:/Users/mac/.nvm/versions/node/v6.1.0/bin:/Applications/Cocos/Cocos2d-x/cocos2d-x-3.10/templates:/Users/mac/mondodb/mongodb3.2.9/bin:/Applications/Cocos/Cocos2d-x:/Applications/Cocos/Cocos2d-x/cocos2d-x-3.10/tools/cocos2d-console/bin:/Users/mac/.nvm/versions/node/v6.1.0/bin:/usr/local/bin:/usr/bin:/bin:/usr/sbin:/sbin
10 verbose lifecycle hello-webpack@1.0.0~dev: CWD: /Users/mac/Desktop/hello-webpack
11 silly lifecycle hello-webpack@1.0.0~dev: Args: [ '-c', 'webpack-dev-server --colors --hot --inline' ]
12 silly lifecycle hello-webpack@1.0.0~dev: Returned: code: 1  signal: null
13 info lifecycle hello-webpack@1.0.0~dev: Failed to exec dev script
14 verbose stack Error: hello-webpack@1.0.0 dev: `webpack-dev-server --colors --hot --inline`
14 verbose stack Exit status 1
14 verbose stack     at EventEmitter.<anonymous> (/Users/mac/.nvm/versions/node/v6.1.0/lib/node_modules/npm/lib/utils/lifecycle.js:239:16)
14 verbose stack     at emitTwo (events.js:106:13)
14 verbose stack     at EventEmitter.emit (events.js:191:7)
14 verbose stack     at ChildProcess.<anonymous> (/Users/mac/.nvm/versions/node/v6.1.0/lib/node_modules/npm/lib/utils/spawn.js:24:14)
14 verbose stack     at emitTwo (events.js:106:13)
14 verbose stack     at ChildProcess.emit (events.js:191:7)
14 verbose stack     at maybeClose (internal/child_process.js:850:16)
14 verbose stack     at Process.ChildProcess._handle.onexit (internal/child_process.js:215:5)
15 verbose pkgid hello-webpack@1.0.0
16 verbose cwd /Users/mac/Desktop/hello-webpack
17 error Darwin 16.0.0
18 error argv "/Users/mac/.nvm/versions/node/v6.1.0/bin/node" "/Users/mac/.nvm/versions/node/v6.1.0/bin/npm" "run" "dev"
19 error node v6.1.0
20 error npm  v3.8.6
21 error code ELIFECYCLE
22 error hello-webpack@1.0.0 dev: `webpack-dev-server --colors --hot --inline`
22 error Exit status 1
23 error Failed at the hello-webpack@1.0.0 dev script 'webpack-dev-server --colors --hot --inline'.
23 error Make sure you have the latest version of node.js and npm installed.
23 error If you do, this is most likely a problem with the hello-webpack package,
23 error not with npm itself.
23 error Tell the author that this fails on your system:
23 error     webpack-dev-server --colors --hot --inline
23 error You can get information on how to open an issue for this project with:
23 error     npm bugs hello-webpack
23 error Or if that isn't available, you can get their info via:
23 error     npm owner ls hello-webpack
23 error There is likely additional logging output above.
24 verbose exit [ 1, true ]
